Flutter crash report.
Please report a bug at https://github.com/flutter/flutter/issues.

## command

flutter --no-color run --machine --track-widget-creation --device-id=chrome --start-paused --dart-define=flutter.inspector.structuredErrors=true lib\main.dart

## exception

RPCError: getIsolate: (-32603) getIsolate: Invalid argument (isolateId): Unrecognized isolate id. (Supported isolate: 13141): "11830"
#0      ChromeProxyService._getIsolate (package:dwds/src/services/chrome_proxy_service.dart:505:5)
#1      ChromeProxyService.getIsolate.<anonymous closure> (package:dwds/src/services/chrome_proxy_service.dart:513:14)
<asynchronous suspension>
#2      StackZoneSpecification._registerUnaryCallback.<anonymous closure> (package:stack_trace/src/stack_zone_specification.dart:125:47)
<asynchronous suspension>


```
#0      new _OutstandingRequest (package:vm_service/src/vm_service.dart:1718:45)
#1      VmService._call (package:vm_service/src/vm_service.dart:2225:21)
#2      VmService.getIsolate (package:vm_service/src/vm_service.dart:1958:7)
#3      FlutterVmService.getIsolateOrNull (package:flutter_tools/src/vmservice.dart:903:20)
#4      FlutterVmService.findExtensionIsolate (package:flutter_tools/src/vmservice.dart:868:51)
<asynchronous suspension>
#5      FlutterResidentDevtoolsHandler._waitForExtensionsForDevice (package:flutter_tools/src/resident_devtools_handler.dart:181:7)
<asynchronous suspension>
#6      Future.wait.<anonymous closure> (dart:async/future.dart:473:21)
<asynchronous suspension>
#7      FlutterResidentDevtoolsHandler._devicesWithExtensions (package:flutter_tools/src/resident_devtools_handler.dart:171:41)
<asynchronous suspension>
#8      FlutterResidentDevtoolsHandler.hotRestart (package:flutter_tools/src/resident_devtools_handler.dart:248:54)
<asynchronous suspension>
```

## flutter doctor

```
[✓] Flutter (Channel stable, 2.10.3, on Microsoft Windows [Version 10.0.19044.1826], locale en-US)
    • Flutter version 2.10.3 at C:\scr\flutter
    • Upstream repository https://github.com/flutter/flutter.git
    • Framework revision 7e9793dee1 (5 months ago), 2022-03-02 11:23:12 -0600
    • Engine revision bd539267b4
    • Dart version 2.16.1
    • DevTools version 2.9.2

[!] Android toolchain - develop for Android devices (Android SDK version 31.0.0)
    • Android SDK at C:\Users\Hp\AppData\Local\Android\sdk
    • Platform android-31, build-tools 31.0.0
    • Java binary at: C:\Program Files\Android\Android Studio\jre\bin\java
    • Java version OpenJDK Runtime Environment (build 11.0.11+9-b60-7590822)
    ✗ Android license status unknown.
      Run `flutter doctor --android-licenses` to accept the SDK licenses.
      See https://flutter.dev/docs/get-started/install/windows#android-setup for more details.

[✓] Chrome - develop for the web
    • Chrome at C:\Program Files\Google\Chrome\Application\chrome.exe

[✓] Visual Studio - develop for Windows (Visual Studio Enterprise 2019 16.11.16)
    • Visual Studio at C:\Program Files (x86)\Microsoft Visual Studio\2019\Enterprise
    • Visual Studio Enterprise 2019 version 16.11.32602.291
    • Windows 10 SDK version 10.0.19041.0

[✓] Android Studio (version 2021.1)
    • Android Studio at C:\Program Files\Android\Android Studio
    • Flutter plugin can be installed from:
      🔨 https://plugins.jetbrains.com/plugin/9212-flutter
    • Dart plugin can be installed from:
      🔨 https://plugins.jetbrains.com/plugin/6351-dart
    • Java version OpenJDK Runtime Environment (build 11.0.11+9-b60-7590822)

[✓] VS Code (version 1.69.2)
    • VS Code at C:\Users\Hp\AppData\Local\Programs\Microsoft VS Code
    • Flutter extension version 3.44.0

[✓] Connected device (2 available)
    • Chrome (web) • chrome • web-javascript • Google Chrome 103.0.5060.134
    • Edge (web)   • edge   • web-javascript • Microsoft Edge 103.0.1264.62

[✓] HTTP Host Availability
    • All required HTTP hosts are available

! Doctor found issues in 1 category.
```
